\BOOKMARK [-1][-]{part.1}{\376\377\000I\000\040\000F\000i\000n\000a\000n\000\347\000a\000s\000\040\000C\000o\000r\000p\000o\000r\000a\000t\000i\000v\000a\000s}{}% 1
\BOOKMARK [0][-]{chapter.1}{\376\377\000V\000i\000s\000\343\000o\000\040\000G\000e\000r\000a\000l\000\040\000d\000e\000\040\000F\000i\000n\000a\000n\000\347\000a\000s\000\040\000C\000o\000r\000p\000o\000r\000a\000t\000i\000v\000a\000s}{part.1}% 2
\BOOKMARK [1][-]{section.1.1}{\376\377\000O\000\040\000q\000u\000e\000\040\000s\000\343\000o\000\040\000F\000i\000n\000a\000n\000\347\000a\000s\000\040\000C\000o\000r\000p\000o\000r\000a\000t\000i\000v\000a\000s\000?}{chapter.1}% 3
\BOOKMARK [1][-]{section.1.2}{\376\377\000B\000a\000l\000a\000n\000\347\000o\000\040\000P\000a\000t\000r\000i\000m\000o\000n\000i\000a\000l}{chapter.1}% 4
\BOOKMARK [1][-]{section.1.3}{\376\377\000V\000i\000s\000\343\000o\000\040\000g\000e\000r\000a\000l\000\040\000d\000a\000s\000\040\000F\000i\000n\000a\000n\000\347\000a\000s\000\040\000C\000o\000r\000p\000o\000r\000a\000t\000i\000v\000a\000s}{chapter.1}% 5
\BOOKMARK [0][-]{chapter.2}{\376\377\000M\000a\000x\000i\000m\000i\000z\000a\000n\000d\000o\000\040\000o\000\040\000V\000a\000l\000o\000r}{part.1}% 6
\BOOKMARK [1][-]{section.2.1}{\376\377\000O\000\040\000O\000b\000j\000e\000t\000i\000v\000o\000\040\000d\000e\000\040\000u\000m\000\040\000N\000e\000g\000\363\000c\000i\000o}{chapter.2}% 7
\BOOKMARK [1][-]{section.2.2}{\376\377\000H\000i\000e\000r\000a\000r\000q\000u\000i\000a\000\040\000e\000\040\000F\000i\000n\000a\000n\000\347\000a\000s\000\040\000C\000o\000r\000p\000o\000r\000a\000t\000i\000v\000a\000s}{chapter.2}% 8
\BOOKMARK [1][-]{section.2.3}{\376\377\000G\000o\000v\000e\000r\000n\000a\000n\000\347\000a\000\040\000C\000o\000r\000p\000o\000r\000a\000t\000i\000v\000a}{chapter.2}% 9
\BOOKMARK [1][-]{section.2.4}{\376\377\000C\000o\000n\000c\000l\000u\000s\000\343\000o}{chapter.2}% 10
\BOOKMARK [0][-]{chapter.3}{\376\377\000R\000i\000s\000c\000o\000s}{part.1}% 11
\BOOKMARK [1][-]{section.3.1}{\376\377\000I\000n\000t\000r\000o\000d\000u\000\347\000\343\000o\000\040\000a\000o\000\040\000R\000i\000s\000c\000o}{chapter.3}% 12
\BOOKMARK [1][-]{section.3.2}{\376\377\000M\000o\000d\000e\000l\000o\000s\000\040\000d\000e\000\040\000R\000i\000s\000c\000o\000\040\000x\000\040\000R\000e\000t\000o\000r\000n\000o}{chapter.3}% 13
\BOOKMARK [1][-]{section.3.3}{\376\377\000T\000a\000x\000a\000\040\000L\000i\000v\000r\000e\000\040\000d\000e\000\040\000R\000i\000s\000c\000o}{chapter.3}% 14
\BOOKMARK [1][-]{section.3.4}{\376\377\000P\000r\000\352\000m\000i\000o\000\040\000d\000e\000\040\000R\000i\000s\000c\000o\000\040\000P\000a\000t\000r\000i\000m\000o\000n\000i\000a\000l}{chapter.3}% 15
\BOOKMARK [0][-]{chapter.4}{\376\377\000B\000e\000t\000a\000s}{part.1}% 16
\BOOKMARK [1][-]{section.4.1}{\376\377\000I\000n\000t\000r\000o\000d\000u\000\347\000\343\000o\000\040\000a\000o\000\040\000B\000e\000t\000a}{chapter.4}% 17
\BOOKMARK [1][-]{section.4.2}{\376\377\000R\000e\000g\000r\000e\000s\000s\000\365\000e\000s\000\040\000e\000\040\000a\000l\000\351\000m}{chapter.4}% 18
\BOOKMARK [1][-]{section.4.3}{\376\377\000D\000e\000t\000e\000r\000m\000i\000n\000a\000n\000t\000e\000s\000\040\000d\000o\000\040\000B\000e\000t\000a}{chapter.4}% 19
\BOOKMARK [1][-]{section.4.4}{\376\377\000B\000u\000t\000t\000o\000m\000-\000u\000p\000\040\000B\000e\000t\000a\000s}{chapter.4}% 20
\BOOKMARK [0][-]{chapter.5}{\376\377\000C\000u\000s\000t\000o\000\040\000d\000e\000\040\000C\000a\000p\000i\000t\000a\000l\000\040\000P\000r\000\363\000p\000r\000i\000o\000\040\000e\000\040\000d\000e\000\040\000T\000e\000r\000c\000e\000i\000r\000o\000s}{part.1}% 21
\BOOKMARK [0][-]{chapter.6}{\376\377\000M\000e\000d\000i\000n\000d\000o\000\040\000R\000e\000t\000o\000r\000n\000o}{part.1}% 22
\BOOKMARK [1][-]{section.6.1}{\376\377\000S\000h\000o\000w\000\040\000m\000e\000\040\000t\000h\000e\000\040\000M\000o\000n\000e\000y}{chapter.6}% 23
\BOOKMARK [1][-]{section.6.2}{\376\377\000F\000l\000u\000x\000o\000\040\000d\000e\000\040\000C\000a\000i\000x\000a\000\040\000P\000o\000n\000d\000e\000r\000a\000d\000o\000\040\000p\000e\000l\000o\000\040\000T\000e\000m\000p\000o}{chapter.6}% 24
\BOOKMARK [0][-]{chapter.7}{\376\377\000A\000n\000\341\000l\000i\000s\000e\000\040\000P\000a\000t\000r\000i\000m\000o\000n\000i\000a\000l\000,\000\040\000A\000q\000u\000i\000s\000i\000\347\000\365\000e\000s\000,\000\040\000V\000P\000L\000\040\000e\000\040\000T\000I\000R}{part.1}% 25
\BOOKMARK [0][-]{chapter.8}{\376\377\000A\000n\000\341\000l\000i\000s\000e\000\040\000d\000e\000\040\000I\000n\000v\000e\000s\000t\000i\000m\000e\000n\000t\000o}{part.1}% 26
\BOOKMARK [1][-]{section.8.1}{\376\377\000E\000s\000t\000u\000d\000o\000\040\000d\000e\000\040\000C\000a\000s\000o\000:\000\040\000L\000o\000w\000e\000'\000s\000\040\000F\000u\000r\000n\000i\000t\000u\000r\000e}{chapter.8}% 27
\BOOKMARK [1][-]{section.8.2}{\376\377\000F\000e\000c\000h\000a\000m\000e\000n\000t\000o\000\040\000d\000e\000\040\000u\000m\000a\000\040\000A\000n\000\341\000l\000i\000s\000e\000\040\000d\000e\000\040\000I\000n\000v\000e\000s\000t\000i\000m\000e\000n\000t\000o\000s}{chapter.8}% 28
\BOOKMARK [0][-]{chapter.9}{\376\377\000E\000s\000t\000r\000u\000t\000u\000r\000a\000\040\000d\000e\000\040\000C\000a\000p\000i\000t\000a\000l}{part.1}% 29
\BOOKMARK [1][-]{section.9.1}{\376\377\000T\000r\000a\000d\000e\000-\000o\000f\000f\000\040\000e\000n\000t\000r\000e\000\040\000P\000a\000t\000r\000i\000m\000\364\000n\000i\000o\000\040\000e\000\040\000D\000\355\000v\000i\000d\000a}{chapter.9}% 30
\BOOKMARK [1][-]{section.9.2}{\376\377\000O\000t\000i\000m\000i\000z\000a\000n\000d\000o\000\040\000a\000\040\000E\000s\000t\000r\000u\000t\000u\000r\000a\000\040\000d\000e\000\040\000C\000a\000p\000i\000t\000a\000l}{chapter.9}% 31
\BOOKMARK [1][-]{section.9.3}{\376\377\000O\000\040\000R\000e\000t\000o\000r\000n\000o\000\040\000d\000a\000\040\000O\000t\000i\000m\000i\000z\000a\000\347\000\343\000o}{chapter.9}% 32
\BOOKMARK [1][-]{section.9.4}{\376\377\000A\000b\000o\000r\000d\000a\000g\000e\000m\000\040\000p\000a\000r\000a\000\040\000o\000\040\000C\000u\000s\000t\000o\000\040\000d\000e\000\040\000C\000a\000p\000i\000t\000a\000l}{chapter.9}% 33
\BOOKMARK [1][-]{section.9.5}{\376\377\000V\000a\000l\000o\000r\000\040\000P\000r\000e\000s\000e\000n\000t\000e\000\040\000A\000j\000u\000s\000t\000a\000d\000o}{chapter.9}% 34
\BOOKMARK [1][-]{section.9.6}{\376\377\000P\000e\000r\000f\000i\000l\000\040\000d\000a\000\040\000d\000\355\000v\000i\000d\000a}{chapter.9}% 35
\BOOKMARK [0][-]{chapter.10}{\376\377\000D\000i\000v\000i\000d\000e\000n\000d\000o\000s}{part.1}% 36
\BOOKMARK [1][-]{section.10.1}{\376\377\000O\000\040\000P\000r\000i\000n\000c\000\355\000p\000i\000o\000\040\000d\000o\000s\000\040\000D\000i\000v\000i\000d\000e\000n\000d\000o\000s}{chapter.10}% 37
\BOOKMARK [1][-]{section.10.2}{\376\377\000D\000i\000v\000i\000d\000e\000n\000d\000o\000s\000\040\000P\000o\000t\000e\000n\000c\000i\000a\000i\000s}{chapter.10}% 38
\BOOKMARK [1][-]{section.10.3}{\376\377\000R\000e\000t\000o\000r\000n\000o\000\040\000E\000f\000e\000t\000i\000v\000o}{chapter.10}% 39
\BOOKMARK [1][-]{section.10.4}{\376\377\000C\000o\000n\000f\000i\000a\000n\000\347\000a\000,\000\040\000C\000o\000n\000t\000r\000o\000l\000e\000\040\000e\000\040\000P\000o\000l\000\355\000t\000i\000c\000a\000\040\000d\000e\000\040\000D\000i\000v\000i\000d\000e\000n\000d\000o\000s}{chapter.10}% 40
\BOOKMARK [0][-]{chapter.11}{\376\377\000V\000a\000l\000u\000a\000t\000i\000o\000n}{part.1}% 41
\BOOKMARK [0][-]{chapter.12}{\376\377\000C\000o\000n\000c\000l\000u\000s\000\343\000o}{part.1}% 42
\BOOKMARK [-1][-]{part.2}{\376\377\000I\000I\000\040\000V\000a\000l\000u\000a\000t\000i\000o\000n}{}% 43
